<?xml version="1.0" encoding="UTF-8"?>
<!-- Generated by org.testng.reporters.JUnitXMLReporter -->
<testsuite ignored="0" hostname="DESKTOP-V2ALGIJ" failures="0" tests="3" name="LoginTest" time="8.055" errors="0" timestamp="2024-08-18T17:36:15 IST">
  <testcase classname="blaze_testcases.LoginTestCase" name="verifylogin" time="1.517"/>
  <testcase classname="blaze_testcases.LoginTestCase" name="verifylogin" time="1.061"/>
  <testcase classname="blaze_testcases.LoginTestCase" name="verifylogin" time="1.177"/>
</testsuite> <!-- LoginTest -->
