<?xml version="1.0" encoding="UTF-8"?>
<testng-results ignored="0" total="7" passed="6" failed="1" skipped="0">
  <reporter-output>
  </reporter-output>
  <suite started-at="2024-08-18T17:35:42 IST" name="Suite" finished-at="2024-08-18T17:36:41 IST" duration-ms="58335">
    <groups>
    </groups>
    <test started-at="2024-08-18T17:35:42 IST" name="SignupTest" finished-at="2024-08-18T17:36:06 IST" duration-ms="23959">
      <class name="blaze_testcases.SignupTestCase">
        <test-method is-config="true" signature="setup()[pri:0, instance:blaze_testcases.SignupTestCase@436813f3]" started-at="2024-08-18T17:35:42 IST" name="setup" finished-at="2024-08-18T17:35:50 IST" duration-ms="7382" status="PASS">
          <reporter-output>
          </reporter-output>
        </test-method> <!-- setup -->
        <test-method signature="signupverify(java.lang.String,java.lang.String)[pri:0, instance:blaze_testcases.SignupTestCase@436813f3]" started-at="2024-08-18T17:35:50 IST" name="signupverify" data-provider="loginData" finished-at="2024-08-18T17:35:54 IST" duration-ms="3929" status="PASS">
          <params>
            <param index="0">
              <value>
                <![CDATA[mon12]]>
              </value>
            </param>
            <param index="1">
              <value>
                <![CDATA[123@]]>
              </value>
            </param>
          </params>
          <reporter-output>
          </reporter-output>
        </test-method> <!-- signupverify -->
        <test-method signature="signupverify(java.lang.String,java.lang.String)[pri:0, instance:blaze_testcases.SignupTestCase@436813f3]" started-at="2024-08-18T17:35:54 IST" name="signupverify" data-provider="loginData" finished-at="2024-08-18T17:35:55 IST" duration-ms="1451" status="PASS">
          <params>
            <param index="0">
              <value>
                <![CDATA[tue12]]>
              </value>
            </param>
            <param index="1">
              <value>
                <![CDATA[456@]]>
              </value>
            </param>
          </params>
          <reporter-output>
          </reporter-output>
        </test-method> <!-- signupverify -->
        <test-method signature="signupverify(java.lang.String,java.lang.String)[pri:0, instance:blaze_testcases.SignupTestCase@436813f3]" started-at="2024-08-18T17:35:55 IST" name="signupverify" data-provider="loginData" finished-at="2024-08-18T17:36:06 IST" duration-ms="10369" status="FAIL">
          <params>
            <param index="0">
              <value>
                <![CDATA[wed12]]>
              </value>
            </param>
            <param index="1">
              <value>
                <![CDATA[789@]]>
              </value>
            </param>
          </params>
          <exception class="org.openqa.selenium.ElementNotInteractableException">
            <message>
              <![CDATA[element not interactable
  (Session info: chrome=127.0.6533.120)
Build info: version: '4.23.0', revision: '4df0a231af'
System info: os.name: 'Windows 10', os.arch: 'amd64', os.version: '10.0', java.version: '21.0.4'
Driver info: org.openqa.selenium.chrome.ChromeDriver
Command: [764ae3ff56479f8da6e015a587deb8e5, sendKeysToElement {value=[Ljava.lang.CharSequence;@459f7aa3, id=f.E4D90A5C76DC730ADD352D34A299188A.d.FAE79BEB59DE634475FA08F2F5D7F8E1.e.23}]
Capabilities {acceptInsecureCerts: false, browserName: chrome, browserVersion: 127.0.6533.120, chrome: {chromedriverVersion: 127.0.6533.119 (bdef6783a05..., userDataDir: C:\Users\Shreshta\AppData\L...}, fedcm:accounts: true, goog:chromeOptions: {debuggerAddress: localhost:50725}, networkConnectionEnabled: false, pageLoadStrategy: normal, platformName: windows, proxy: Proxy(), se:cdp: ws://localhost:50725/devtoo..., se:cdpVersion: 127.0.6533.120, setWindowRect: true, strictFileInteractability: false, timeouts: {implicit: 0, pageLoad: 300000, script: 30000}, unhandledPromptBehavior: dismiss and notify, webauthn:extension:credBlob: true, webauthn:extension:largeBlob: true, webauthn:extension:minPinLength: true, webauthn:extension:prf: true, webauthn:virtualAuthenticators: true}
Element: [[ChromeDriver: chrome on windows (764ae3ff56479f8da6e015a587deb8e5)] -> id: sign-username]
Session ID: 764ae3ff56479f8da6e015a587deb8e5]]>
            </message>
            <full-stacktrace>
              <![CDATA[org.openqa.selenium.ElementNotInteractableException: element not interactable
  (Session info: chrome=127.0.6533.120)
Build info: version: '4.23.0', revision: '4df0a231af'
System info: os.name: 'Windows 10', os.arch: 'amd64', os.version: '10.0', java.version: '21.0.4'
Driver info: org.openqa.selenium.chrome.ChromeDriver
Command: [764ae3ff56479f8da6e015a587deb8e5, sendKeysToElement {value=[Ljava.lang.CharSequence;@459f7aa3, id=f.E4D90A5C76DC730ADD352D34A299188A.d.FAE79BEB59DE634475FA08F2F5D7F8E1.e.23}]
Capabilities {acceptInsecureCerts: false, browserName: chrome, browserVersion: 127.0.6533.120, chrome: {chromedriverVersion: 127.0.6533.119 (bdef6783a05..., userDataDir: C:\Users\Shreshta\AppData\L...}, fedcm:accounts: true, goog:chromeOptions: {debuggerAddress: localhost:50725}, networkConnectionEnabled: false, pageLoadStrategy: normal, platformName: windows, proxy: Proxy(), se:cdp: ws://localhost:50725/devtoo..., se:cdpVersion: 127.0.6533.120, setWindowRect: true, strictFileInteractability: false, timeouts: {implicit: 0, pageLoad: 300000, script: 30000}, unhandledPromptBehavior: dismiss and notify, webauthn:extension:credBlob: true, webauthn:extension:largeBlob: true, webauthn:extension:minPinLength: true, webauthn:extension:prf: true, webauthn:virtualAuthenticators: true}
Element: [[ChromeDriver: chrome on windows (764ae3ff56479f8da6e015a587deb8e5)] -> id: sign-username]
Session ID: 764ae3ff56479f8da6e015a587deb8e5
at java.base/jdk.internal.reflect.DirectConstructorHandleAccessor.newInstance(DirectConstructorHandleAccessor.java:62)
at java.base/java.lang.reflect.Constructor.newInstanceWithCaller(Constructor.java:502)
at java.base/java.lang.reflect.Constructor.newInstance(Constructor.java:486)
at org.openqa.selenium.remote.ErrorCodec.decode(ErrorCodec.java:167)
at org.openqa.selenium.remote.codec.w3c.W3CHttpResponseCodec.decode(W3CHttpResponseCodec.java:138)
at org.openqa.selenium.remote.codec.w3c.W3CHttpResponseCodec.decode(W3CHttpResponseCodec.java:50)
at org.openqa.selenium.remote.HttpCommandExecutor.execute(HttpCommandExecutor.java:190)
at org.openqa.selenium.remote.service.DriverCommandExecutor.invokeExecute(DriverCommandExecutor.java:216)
at org.openqa.selenium.remote.service.DriverCommandExecutor.execute(DriverCommandExecutor.java:174)
at org.openqa.selenium.remote.RemoteWebDriver.execute(RemoteWebDriver.java:527)
at org.openqa.selenium.remote.RemoteWebElement.execute(RemoteWebElement.java:223)
at org.openqa.selenium.remote.RemoteWebElement.sendKeys(RemoteWebElement.java:110)
at java.base/jdk.internal.reflect.DirectMethodHandleAccessor.invoke(DirectMethodHandleAccessor.java:103)
at java.base/java.lang.reflect.Method.invoke(Method.java:580)
at org.openqa.selenium.support.pagefactory.internal.LocatingElementHandler.invoke(LocatingElementHandler.java:51)
at jdk.proxy2/jdk.proxy2.$Proxy14.sendKeys(Unknown Source)
at blaze_pages.SignupPage11.signup(SignupPage11.java:173)
at blaze_testcases.SignupTestCase.signupverify(SignupTestCase.java:34)
at java.base/jdk.internal.reflect.DirectMethodHandleAccessor.invoke(DirectMethodHandleAccessor.java:103)
at java.base/java.lang.reflect.Method.invoke(Method.java:580)
at org.testng.internal.MethodInvocationHelper.invokeMethod(MethodInvocationHelper.java:133)
at org.testng.internal.TestInvoker.invokeMethod(TestInvoker.java:598)
at org.testng.internal.TestInvoker.invokeTestMethod(TestInvoker.java:173)
at org.testng.internal.MethodRunner.runInSequence(MethodRunner.java:46)
at org.testng.internal.TestInvoker$MethodInvocationAgent.invoke(TestInvoker.java:824)
at org.testng.internal.TestInvoker.invokeTestMethods(TestInvoker.java:146)
at org.testng.internal.TestMethodWorker.invokeTestMethods(TestMethodWorker.java:146)
at org.testng.internal.TestMethodWorker.run(TestMethodWorker.java:128)
at java.base/java.util.ArrayList.forEach(ArrayList.java:1596)
at org.testng.TestRunner.privateRun(TestRunner.java:794)
at org.testng.TestRunner.run(TestRunner.java:596)
at org.testng.SuiteRunner.runTest(SuiteRunner.java:377)
at org.testng.SuiteRunner.runSequentially(SuiteRunner.java:371)
at org.testng.SuiteRunner.privateRun(SuiteRunner.java:332)
at org.testng.SuiteRunner.run(SuiteRunner.java:276)
at org.testng.SuiteRunnerWorker.runSuite(SuiteRunnerWorker.java:53)
at org.testng.SuiteRunnerWorker.run(SuiteRunnerWorker.java:96)
at org.testng.TestNG.runSuitesSequentially(TestNG.java:1212)
at org.testng.TestNG.runSuitesLocally(TestNG.java:1134)
at org.testng.TestNG.runSuites(TestNG.java:1063)
at org.testng.TestNG.run(TestNG.java:1031)
at org.testng.remote.AbstractRemoteTestNG.run(AbstractRemoteTestNG.java:115)
at org.testng.remote.RemoteTestNG.initAndRun(RemoteTestNG.java:293)
at org.testng.remote.RemoteTestNG.main(RemoteTestNG.java:91)
]]>
            </full-stacktrace>
          </exception> <!-- org.openqa.selenium.ElementNotInteractableException -->
          <reporter-output>
          </reporter-output>
        </test-method> <!-- signupverify -->
        <test-method is-config="true" signature="exit()[pri:0, instance:blaze_testcases.SignupTestCase@436813f3]" started-at="2024-08-18T17:36:06 IST" name="exit" finished-at="2024-08-18T17:36:06 IST" duration-ms="583" status="PASS">
          <reporter-output>
          </reporter-output>
        </test-method> <!-- exit -->
      </class> <!-- blaze_testcases.SignupTestCase -->
    </test> <!-- SignupTest -->
    <test started-at="2024-08-18T17:36:07 IST" name="LoginTest" finished-at="2024-08-18T17:36:15 IST" duration-ms="8055">
      <class name="blaze_testcases.LoginTestCase">
        <test-method is-config="true" signature="setup()[pri:0, instance:blaze_testcases.LoginTestCase@55141def]" started-at="2024-08-18T17:36:07 IST" name="setup" finished-at="2024-08-18T17:36:10 IST" duration-ms="3874" status="PASS">
          <reporter-output>
          </reporter-output>
        </test-method> <!-- setup -->
        <test-method signature="verifylogin(java.lang.String,java.lang.String)[pri:0, instance:blaze_testcases.LoginTestCase@55141def]" started-at="2024-08-18T17:36:10 IST" name="verifylogin" data-provider="loginData" finished-at="2024-08-18T17:36:12 IST" duration-ms="1517" status="PASS">
          <params>
            <param index="0">
              <value>
                <![CDATA[mon12]]>
              </value>
            </param>
            <param index="1">
              <value>
                <![CDATA[123@]]>
              </value>
            </param>
          </params>
          <reporter-output>
          </reporter-output>
        </test-method> <!-- verifylogin -->
        <test-method signature="verifylogin(java.lang.String,java.lang.String)[pri:0, instance:blaze_testcases.LoginTestCase@55141def]" started-at="2024-08-18T17:36:12 IST" name="verifylogin" data-provider="loginData" finished-at="2024-08-18T17:36:13 IST" duration-ms="1061" status="PASS">
          <params>
            <param index="0">
              <value>
                <![CDATA[tue12]]>
              </value>
            </param>
            <param index="1">
              <value>
                <![CDATA[456@]]>
              </value>
            </param>
          </params>
          <reporter-output>
          </reporter-output>
        </test-method> <!-- verifylogin -->
        <test-method signature="verifylogin(java.lang.String,java.lang.String)[pri:0, instance:blaze_testcases.LoginTestCase@55141def]" started-at="2024-08-18T17:36:13 IST" name="verifylogin" data-provider="loginData" finished-at="2024-08-18T17:36:14 IST" duration-ms="1177" status="PASS">
          <params>
            <param index="0">
              <value>
                <![CDATA[wed12]]>
              </value>
            </param>
            <param index="1">
              <value>
                <![CDATA[789@]]>
              </value>
            </param>
          </params>
          <reporter-output>
          </reporter-output>
        </test-method> <!-- verifylogin -->
        <test-method is-config="true" signature="exit()[pri:0, instance:blaze_testcases.LoginTestCase@55141def]" started-at="2024-08-18T17:36:14 IST" name="exit" finished-at="2024-08-18T17:36:15 IST" duration-ms="413" status="PASS">
          <reporter-output>
          </reporter-output>
        </test-method> <!-- exit -->
      </class> <!-- blaze_testcases.LoginTestCase -->
    </test> <!-- LoginTest -->
    <test started-at="2024-08-18T17:36:15 IST" name="AddtoCartTest" finished-at="2024-08-18T17:36:41 IST" duration-ms="26191">
      <class name="blaze_testcases.AdToCartTestCase">
        <test-method is-config="true" signature="setup()[pri:0, instance:blaze_testcases.AdToCartTestCase@14cd1699]" started-at="2024-08-18T17:36:15 IST" name="setup" finished-at="2024-08-18T17:36:18 IST" duration-ms="3188" status="PASS">
          <reporter-output>
          </reporter-output>
        </test-method> <!-- setup -->
        <test-method signature="addtoCartverify1()[pri:0, instance:blaze_testcases.AdToCartTestCase@14cd1699]" started-at="2024-08-18T17:36:18 IST" name="addtoCartverify1" finished-at="2024-08-18T17:36:40 IST" duration-ms="22585" status="PASS">
          <reporter-output>
          </reporter-output>
        </test-method> <!-- addtoCartverify1 -->
        <test-method is-config="true" signature="exit()[pri:0, instance:blaze_testcases.AdToCartTestCase@14cd1699]" started-at="2024-08-18T17:36:40 IST" name="exit" finished-at="2024-08-18T17:36:41 IST" duration-ms="412" status="PASS">
          <reporter-output>
          </reporter-output>
        </test-method> <!-- exit -->
      </class> <!-- blaze_testcases.AdToCartTestCase -->
    </test> <!-- AddtoCartTest -->
  </suite> <!-- Suite -->
</testng-results>
